0 info it worked if it ends with ok
1 verbose cli [ 'node', '/usr/local/bin/npm', 'install', '-g', 'sequelize' ]
2 info using npm@1.4.28
3 info using node@v0.10.33
4 verbose cache add [ 'sequelize', null ]
5 verbose cache add name=undefined spec="sequelize" args=["sequelize",null]
6 verbose parsed url { protocol: null,
6 verbose parsed url   slashes: null,
6 verbose parsed url   auth: null,
6 verbose parsed url   host: null,
6 verbose parsed url   port: null,
6 verbose parsed url   hostname: null,
6 verbose parsed url   hash: null,
6 verbose parsed url   search: null,
6 verbose parsed url   query: null,
6 verbose parsed url   pathname: 'sequelize',
6 verbose parsed url   path: 'sequelize',
6 verbose parsed url   href: 'sequelize' }
7 silly lockFile 35595a70-sequelize sequelize
8 verbose lock sequelize /Users/karenachu/.npm/35595a70-sequelize.lock
9 silly lockFile 35595a70-sequelize sequelize
10 silly lockFile 35595a70-sequelize sequelize
11 verbose addNamed [ 'sequelize', '' ]
12 verbose addNamed [ null, '*' ]
13 silly lockFile 57143dcb-sequelize sequelize@
14 verbose lock sequelize@ /Users/karenachu/.npm/57143dcb-sequelize.lock
15 silly addNameRange { name: 'sequelize', range: '*', hasData: false }
16 verbose request where is /sequelize
17 verbose request registry https://registry.npmjs.org/
18 verbose request id 70f3b93bccff2314
19 verbose url raw /sequelize
20 verbose url resolving [ 'https://registry.npmjs.org/', './sequelize' ]
21 verbose url resolved https://registry.npmjs.org/sequelize
22 verbose request where is https://registry.npmjs.org/sequelize
23 info trying registry request attempt 1 at 02:18:58
24 verbose etag "9F7EPSQMU06JKA0ZAA3VUMH71"
25 http GET https://registry.npmjs.org/sequelize
26 http 304 https://registry.npmjs.org/sequelize
27 silly registry.get cb [ 304,
27 silly registry.get   { date: 'Thu, 19 Feb 2015 10:08:58 GMT',
27 silly registry.get     server: 'Apache',
27 silly registry.get     via: '1.1 varnish',
27 silly registry.get     'last-modified': 'Thu, 19 Feb 2015 10:08:58 GMT',
27 silly registry.get     'cache-control': 'max-age=60',
27 silly registry.get     etag: '"9F7EPSQMU06JKA0ZAA3VUMH71"',
27 silly registry.get     age: '0',
27 silly registry.get     'x-served-by': 'cache-sjc3130-SJC',
27 silly registry.get     'x-cache': 'HIT',
27 silly registry.get     'x-cache-hits': '1',
27 silly registry.get     'x-timer': 'S1424340538.068143,VS0,VE349',
27 silly registry.get     vary: 'Accept',
27 silly registry.get     'content-length': '0',
27 silly registry.get     'keep-alive': 'timeout=10, max=50',
27 silly registry.get     connection: 'Keep-Alive' } ]
28 verbose etag https://registry.npmjs.org/sequelize from cache
29 silly addNameRange number 2 { name: 'sequelize', range: '*', hasData: true }
30 silly addNameRange versions [ 'sequelize',
30 silly addNameRange   [ '0.2.2',
30 silly addNameRange     '0.2.3',
30 silly addNameRange     '0.2.4',
30 silly addNameRange     '0.2.5',
30 silly addNameRange     '0.2.6',
30 silly addNameRange     '0.3.0',
30 silly addNameRange     '0.4.0',
30 silly addNameRange     '0.4.1',
30 silly addNameRange     '0.4.2',
30 silly addNameRange     '0.4.3',
30 silly addNameRange     '1.0.0',
30 silly addNameRange     '1.0.1',
30 silly addNameRange     '1.0.2',
30 silly addNameRange     '1.1.0',
30 silly addNameRange     '1.1.1',
30 silly addNameRange     '1.1.2',
30 silly addNameRange     '1.1.3',
30 silly addNameRange     '1.1.4',
30 silly addNameRange     '1.2.0',
30 silly addNameRange     '1.2.1',
30 silly addNameRange     '1.3.0',
30 silly addNameRange     '1.3.1',
30 silly addNameRange     '1.3.2',
30 silly addNameRange     '1.3.3',
30 silly addNameRange     '1.3.4',
30 silly addNameRange     '1.3.5',
30 silly addNameRange     '1.3.6',
30 silly addNameRange     '1.3.7',
30 silly addNameRange     '1.4.0',
30 silly addNameRange     '1.4.1',
30 silly addNameRange     '1.5.0-alpha',
30 silly addNameRange     '1.5.0-beta',
30 silly addNameRange     '1.5.0-beta-2',
30 silly addNameRange     '1.5.0',
30 silly addNameRange     '1.6.0-alpha-1',
30 silly addNameRange     '1.6.0-alpha-2',
30 silly addNameRange     '1.6.0-alpha-3',
30 silly addNameRange     '1.6.0-beta-1',
30 silly addNameRange     '1.6.0-beta-2',
30 silly addNameRange     '1.6.0-beta-3',
30 silly addNameRange     '1.6.0-beta4',
30 silly addNameRange     '1.6.0',
30 silly addNameRange     '1.7.0-alpha1',
30 silly addNameRange     '1.7.0-alpha2',
30 silly addNameRange     '2.0.0-alpha1',
30 silly addNameRange     '2.0.0-alpha2',
30 silly addNameRange     '1.7.0-alpha3',
30 silly addNameRange     '2.0.0-alpha3',
30 silly addNameRange     '1.7.0-beta.0',
30 silly addNameRange     '2.0.0-beta.0',
30 silly addNameRange     '1.7.0-beta.1',
30 silly addNameRange     '2.0.0-beta.1',
30 silly addNameRange     '1.7.0-beta.2',
30 silly addNameRange     '2.0.0-beta.2',
30 silly addNameRange     '1.7.0-beta.3b',
30 silly addNameRange     '2.0.0-beta.3',
30 silly addNameRange     '1.7.0-beta.4a',
30 silly addNameRange     '2.0.0-beta.4',
30 silly addNameRange     '1.7.0-beta.5',
30 silly addNameRange     '2.0.0-beta.5',
30 silly addNameRange     '1.7.0-beta6',
30 silly addNameRange     '2.0.0-beta.6',
30 silly addNameRange     '1.7.0-beta7',
30 silly addNameRange     '2.0.0-beta.7',
30 silly addNameRange     '2.0.0-beta.8',
30 silly addNameRange     '1.7.0-beta8',
30 silly addNameRange     '1.7.0-rc1',
30 silly addNameRange     '2.0.0-dev1',
30 silly addNameRange     '1.7.0-rc2',
30 silly addNameRange     '2.0.0-dev2',
30 silly addNameRange     '1.7.0-rc3',
30 silly addNameRange     '2.0.0-dev3',
30 silly addNameRange     '1.7.0-rc4',
30 silly addNameRange     '2.0.0-dev4',
30 silly addNameRange     '2.0.0-dev5',
30 silly addNameRange     '1.7.0-rc5',
30 silly addNameRange     '1.7.0-rc6',
30 silly addNameRange     '2.0.0-dev6',
30 silly addNameRange     '2.0.0-dev7',
30 silly addNameRange     '1.7.0-rc7',
30 silly addNameRange     '2.0.0-dev8',
30 silly addNameRange     '1.7.0-rc8',
30 silly addNameRange     '1.7.0-rc9',
30 silly addNameRange     '2.0.0-dev9',
30 silly addNameRange     '2.0.0-dev10',
30 silly addNameRange     '1.7.0',
30 silly addNameRange     '1.7.1',
30 silly addNameRange     '1.7.2',
30 silly addNameRange     '1.7.3',
30 silly addNameRange     '2.0.0-dev11',
30 silly addNameRange     '1.7.4',
30 silly addNameRange     '1.7.5',
30 silly addNameRange     '1.7.7',
30 silly addNameRange     '1.7.8',
30 silly addNameRange     '1.7.9',
30 silly addNameRange     '2.0.0-dev12',
30 silly addNameRange     '1.7.10',
30 silly addNameRange     '2.0.0-dev13',
30 silly addNameRange     '2.0.0-rc1',
30 silly addNameRange     '2.0.0-rc2',
30 silly addNameRange     '2.0.0-rc3',
30 silly addNameRange     '2.0.0-rc4',
30 silly addNameRange     '2.0.0-rc5',
30 silly addNameRange     '2.0.0-rc6',
30 silly addNameRange     '2.0.0-rc7',
30 silly addNameRange     '2.0.0-rc8',
30 silly addNameRange     '2.0.0',
30 silly addNameRange     '2.0.1',
30 silly addNameRange     '2.0.2',
30 silly addNameRange     '2.0.3' ] ]
31 verbose addNamed [ 'sequelize', '2.0.3' ]
32 verbose addNamed [ '2.0.3', '2.0.3' ]
33 silly lockFile be238fa0-sequelize-2-0-3 sequelize@2.0.3
34 verbose lock sequelize@2.0.3 /Users/karenachu/.npm/be238fa0-sequelize-2-0-3.lock
35 silly lockFile be238fa0-sequelize-2-0-3 sequelize@2.0.3
36 silly lockFile be238fa0-sequelize-2-0-3 sequelize@2.0.3
37 silly lockFile 57143dcb-sequelize sequelize@
38 silly lockFile 57143dcb-sequelize sequelize@
39 silly resolved [ { name: 'sequelize',
39 silly resolved     description: 'Multi dialect ORM for Node.JS',
39 silly resolved     version: '2.0.3',
39 silly resolved     author: { name: 'Sascha Depold', email: 'sascha@depold.com' },
39 silly resolved     contributors: [ [Object], [Object], [Object], [Object] ],
39 silly resolved     repository:
39 silly resolved      { type: 'git',
39 silly resolved        url: 'https://github.com/sequelize/sequelize.git' },
39 silly resolved     bugs: { url: 'https://github.com/sequelize/sequelize/issues' },
39 silly resolved     dependencies:
39 silly resolved      { bluebird: '2.4.2',
39 silly resolved        dottie: '0.2.4',
39 silly resolved        'generic-pool': '2.1.1',
39 silly resolved        inflection: '1.5.3',
39 silly resolved        lodash: '~2.4.0',
39 silly resolved        moment: '^2.9.0',
39 silly resolved        'node-uuid': '~1.4.1',
39 silly resolved        'toposort-class': '~0.3.0',
39 silly resolved        validator: '~3.22.1' },
39 silly resolved     devDependencies:
39 silly resolved      { async: '~0.9.0',
39 silly resolved        chai: '~1.9.2',
39 silly resolved        'chai-as-promised': '^4.1.1',
39 silly resolved        'chai-datetime': '~1.3.0',
39 silly resolved        'chai-spies': '~0.5.1',
39 silly resolved        'coffee-script': '~1.7.1',
39 silly resolved        commander: '^2.6.0',
39 silly resolved        'continuation-local-storage': '3.1.2',
39 silly resolved        dox: '0.5.0',
39 silly resolved        git: '^0.1.5',
39 silly resolved        istanbul: '~0.3.0',
39 silly resolved        jshint: '>=2.4.2',
39 silly resolved        'lcov-result-merger': '~1.0.0',
39 silly resolved        mocha: '~2.0.0',
39 silly resolved        mysql: '~2.5.0',
39 silly resolved        pg: '^4.2.0',
39 silly resolved        'pg-hstore': '^2.3.1',
39 silly resolved        'pg-native': '^1.8.0',
39 silly resolved        sinon: '~1.11.0',
39 silly resolved        'sinon-chai': '~2.6.0',
39 silly resolved        sqlite3: '^3.0.5',
39 silly resolved        tedious: '^1.7.0',
39 silly resolved        watchr: '~2.4.11' },
39 silly resolved     keywords:
39 silly resolved      [ 'mysql',
39 silly resolved        'sqlite',
39 silly resolved        'postgresql',
39 silly resolved        'postgres',
39 silly resolved        'mssql',
39 silly resolved        'orm',
39 silly resolved        'nodejs',
39 silly resolved        'object relational mapper' ],
39 silly resolved     main: 'index',
39 silly resolved     scripts: { test: 'make all', docs: 'node docs/docs-generator.js' },
39 silly resolved     engines: { node: '>=0.6.21' },
39 silly resolved     license: 'MIT',
39 silly resolved     gitHead: '501a9c9a3a81480943fcf4fdbc3b811d60b8d1c9',
39 silly resolved     homepage: 'https://github.com/sequelize/sequelize',
39 silly resolved     _id: 'sequelize@2.0.3',
39 silly resolved     _shasum: 'c49e23b13768438a10c2a83415699995fc1a6401',
39 silly resolved     _from: 'sequelize@',
39 silly resolved     _npmVersion: '1.4.28',
39 silly resolved     _npmUser: { name: 'mickhansen', email: 'mick.kasper.hansen@gmail.com' },
39 silly resolved     maintainers: [ [Object], [Object], [Object], [Object] ],
39 silly resolved     dist:
39 silly resolved      { shasum: 'c49e23b13768438a10c2a83415699995fc1a6401',
39 silly resolved        tarball: 'http://registry.npmjs.org/sequelize/-/sequelize-2.0.3.tgz' },
39 silly resolved     directories: {},
39 silly resolved     _resolved: 'https://registry.npmjs.org/sequelize/-/sequelize-2.0.3.tgz',
39 silly resolved     readme: 'ERROR: No README data found!' } ]
40 info install sequelize@2.0.3 into /usr/local/lib
41 info installOne sequelize@2.0.3
42 verbose lib/node_modules/sequelize unbuild
43 verbose tar unpack /Users/karenachu/.npm/sequelize/2.0.3/package.tgz
44 silly lockFile 38695056-local-lib-node-modules-sequelize tar:///usr/local/lib/node_modules/sequelize
45 verbose lock tar:///usr/local/lib/node_modules/sequelize /Users/karenachu/.npm/38695056-local-lib-node-modules-sequelize.lock
46 silly lockFile 75fa8f26--npm-sequelize-2-0-3-package-tgz tar:///Users/karenachu/.npm/sequelize/2.0.3/package.tgz
47 verbose lock tar:///Users/karenachu/.npm/sequelize/2.0.3/package.tgz /Users/karenachu/.npm/75fa8f26--npm-sequelize-2-0-3-package-tgz.lock
48 silly gunzTarPerm modes [ '755', '644' ]
49 error Error: EACCES, mkdir '/usr/local/lib/node_modules/sequelize'
49 error  { [Error: EACCES, mkdir '/usr/local/lib/node_modules/sequelize']
49 error   errno: 3,
49 error   code: 'EACCES',
49 error   path: '/usr/local/lib/node_modules/sequelize',
49 error   fstream_type: 'Directory',
49 error   fstream_path: '/usr/local/lib/node_modules/sequelize',
49 error   fstream_class: 'DirWriter',
49 error   fstream_stack:
49 error    [ '/usr/local/lib/node_modules/npm/node_modules/fstream/lib/dir-writer.js:36:23',
49 error      '/usr/local/lib/node_modules/npm/node_modules/mkdirp/index.js:46:53',
49 error      'Object.oncomplete (fs.js:107:15)' ] }
50 error Please try running this command again as root/Administrator.
51 error System Darwin 14.1.0
52 error command "node" "/usr/local/bin/npm" "install" "-g" "sequelize"
53 error cwd /Users/karenachu/Desktop/GA/spot
54 error node -v v0.10.33
55 error npm -v 1.4.28
56 error path /usr/local/lib/node_modules/sequelize
57 error fstream_path /usr/local/lib/node_modules/sequelize
58 error fstream_type Directory
59 error fstream_class DirWriter
60 error code EACCES
61 error errno 3
62 error stack Error: EACCES, mkdir '/usr/local/lib/node_modules/sequelize'
63 error fstream_stack /usr/local/lib/node_modules/npm/node_modules/fstream/lib/dir-writer.js:36:23
63 error fstream_stack /usr/local/lib/node_modules/npm/node_modules/mkdirp/index.js:46:53
63 error fstream_stack Object.oncomplete (fs.js:107:15)
64 verbose exit [ 3, true ]
